A D/cs_CZ////
A D/da_DK////
A D/de_DE////
A D/ee_ET////
A D/en_US////
A D/es_ES////
A D/es_MX////
A D/es_VE////
A D/eu_ES////
A D/fi_FI////
A D/fr_FR////
A D/gl_ES////
A D/hu_HU////
A D/is_IS////
A D/it_IT////
A D/ja_JP////
A D/lt_LT////
A D/nb_NO////
A D/nl_NL////
A D/pl_PL////
A D/pt_BR////
A D/pt_PT////
A D/ru_RU////
A D/ru_RU_cp1251////
A D/sk_SK////
A D/sv_SE////
A D/th_TH////
A D/tr_TR////
A D/tr_TR_utf-8////
A D/zh_CN////
A D/zh_CN_utf-8////
A D/zh_TW////
R D/zh_TW////
R D/zh_CN_utf-8////
R D/zh_CN////
R D/tr_TR_utf-8////
R D/tr_TR////
R D/th_TH////
R D/sv_SE////
R D/sk_SK////
R D/ru_RU_cp1251////
R D/pt_PT////
R D/pt_BR////
R D/pl_PL////
R D/nl_NL////
R D/nb_NO////
R D/lt_LT////
R D/ja_JP////
R D/it_IT////
R D/is_IS////
R D/hu_HU////
R D/gl_ES////
R D/fi_FI////
R D/eu_ES////
R D/es_VE////
R D/es_MX////
R D/es_ES////
R D/ee_ET////
R D/da_DK////
R D/cs_CZ////
