A D/CONTROL////
A D/MODEL////
A D/VIEW////
A D/_core////
A D/_ext////
A D/_misc////
A D/antispam////
A D/backup////
A D/chapters////
A D/collections////
A D/comments////
A D/cron////
A D/dashboard////
A D/files////
A D/generic////
A D/items////
A D/locales////
A D/maintenance////
A D/messaging////
A D/plugins////
A D/regional////
A D/sessions////
A D/settings////
A D/skins////
A D/slugs////
A D/tools////
A D/updates////
A D/upgrade////
A D/users////
A D/widgets////
A D/xhtml_validator////
A D/xmlrpc////
R D/upgrade////
R D/updates////
R D/backup////
R D/_misc////
R D/VIEW////
R D/MODEL////
R D/CONTROL////
