A D/adsense_plugin////
A D/am_code_plugin////
A D/autolinks_plugin////
A D/basic_antispam_plugin////
A D/code_highlight_plugin////
A D/filter_comments_plugin////
A D/openid_plugin////
A D/pingers////
A D/renderers////
A D/test_plugin////
A D/tinymce_plugin////
A D/toolbars////
A D/twitter_plugin////
A D/videoplug_plugin////
A D/watermark_plugin////
A D/weather_plugin////
R D/weather_plugin////
R D/toolbars////
R D/renderers////
R D/pingers////
R D/openid_plugin////
R D/filter_comments_plugin////
R D/am_code_plugin////
