A D/_atom////
A D/_rdf////
A D/_rss////
A D/_rss2////
A D/_sitemap////
A D/asevo////
A D/babyblues////
A D/basic////
A D/bluesky////
A D/colourise////
A D/custom////
A D/dating_mood////
A D/evocamp////
A D/evopress////
A D/fplanque2002////
A D/glossyblue////
A D/guadeloupe////
A D/intense////
A D/l33t_gray////
A D/miami_blue////
A D/natural_pink////
A D/nifty_corners////
A D/originalb2////
A D/photoblog////
A D/pixelgreen////
A D/pluralism////
A D/rss////
A D/skinners_guide////
A D/terrafirma////
A D/vastitude////
A D/wp_css////
A D/wpc_aubmach////
A D/wpc_default////
R D/wpc_default////
R D/wpc_aubmach////
R D/wp_css////
R D/skinners_guide////
R D/rss////
R D/originalb2////
R D/l33t_gray////
R D/guadeloupe////
R D/fplanque2002////
R D/bluesky////
R D/babyblues////
